[2026-02-10T09:35:44.182Z] Controller: processing create request for user 6986e80543f4ec84c089f5eb
[2026-02-10T09:35:44.196Z] Service: Start create. User: 6986e80543f4ec84c089f5eb, Role: AGENT
[2026-02-10T09:35:44.197Z] Service: Checking subscription for user 6986e80543f4ec84c089f5eb
[2026-02-10T09:35:44.510Z] Service: Subscription check result: {"canCreate":true,"subscription":{"_id":"698af391f8555b4c362969bc","userId":"6986e80543f4ec84c089f5eb","packageId":{"_id":"698ae4100e999e361e769659","name":"Basic","description":"Perfect for individuals listing a few properties","price":0,"duration":30,"propertyLimit":1,"featuredListings":0,"photosPerProperty":5,"isActive":true,"features":["1 property listing","5 photos per property","30 days validity"],"createdAt":"2026-02-10T07:53:52.835Z","updatedAt":"2026-02-10T07:53:52.835Z","__v":0},"status":"active","propertiesUsed":0,"paymentStatus":"completed","createdAt":"2026-02-10T09:00:01.079Z","updatedAt":"2026-02-10T09:31:16.589Z","__v":0,"endDate":"2026-03-12T09:04:33.085Z","startDate":"2026-02-10T09:04:33.085Z"}}
[2026-02-10T09:35:44.710Z] Service: Generated slug: undefined
[2026-02-10T09:35:44.710Z] Service: Creating property model instance
[2026-02-10T09:35:44.720Z] Service Error: ValidationError: listingType: Path `listingType` is required., propertyType: Path `propertyType` is required., slug: Path `slug` is required., title: Path `title` is required., location: Path `location` is required., bedrooms: Path `bedrooms` is required., bathrooms: Path `bathrooms` is required., areaSize: Path `areaSize` is required., price: Path `price` is required., description: Path `description` is required., contactNumber: Path `contactNumber` is required.
[2026-02-10T09:35:44.860Z] Controller Error: Property validation failed: listingType: Path `listingType` is required., propertyType: Path `propertyType` is required., slug: Path `slug` is required., title: Path `title` is required., location: Path `location` is required., bedrooms: Path `bedrooms` is required., bathrooms: Path `bathrooms` is required., areaSize: Path `areaSize` is required., price: Path `price` is required., description: Path `description` is required., contactNumber: Path `contactNumber` is required.
Stack: ValidationError: Property validation failed: listingType: Path `listingType` is required., propertyType: Path `propertyType` is required., slug: Path `slug` is required., title: Path `title` is required., location: Path `location` is required., bedrooms: Path `bedrooms` is required., bathrooms: Path `bathrooms` is required., areaSize: Path `areaSize` is required., price: Path `price` is required., description: Path `description` is required., contactNumber: Path `contactNumber` is required.
    at Document.invalidate (D:\rent-ghar\node_modules\mongoose\lib\document.js:3381:32)
    at D:\rent-ghar\node_modules\mongoose\lib\document.js:3142:17
    at D:\rent-ghar\node_modules\mongoose\lib\schemaType.js:1446:9
    at process.processTicksAndRejections (node:internal/process/task_queues:84:11)
[2026-02-10T09:35:54.856Z] Controller: processing create request for user 6986e80543f4ec84c089f5eb
[2026-02-10T09:35:54.856Z] Service: Start create. User: 6986e80543f4ec84c089f5eb, Role: AGENT
[2026-02-10T09:35:54.857Z] Service: Checking subscription for user 6986e80543f4ec84c089f5eb
[2026-02-10T09:35:55.153Z] Service: Subscription check result: {"canCreate":true,"subscription":{"_id":"698af391f8555b4c362969bc","userId":"6986e80543f4ec84c089f5eb","packageId":{"_id":"698ae4100e999e361e769659","name":"Basic","description":"Perfect for individuals listing a few properties","price":0,"duration":30,"propertyLimit":1,"featuredListings":0,"photosPerProperty":5,"isActive":true,"features":["1 property listing","5 photos per property","30 days validity"],"createdAt":"2026-02-10T07:53:52.835Z","updatedAt":"2026-02-10T07:53:52.835Z","__v":0},"status":"active","propertiesUsed":0,"paymentStatus":"completed","createdAt":"2026-02-10T09:00:01.079Z","updatedAt":"2026-02-10T09:35:44.792Z","__v":0,"endDate":"2026-03-12T09:04:33.085Z","startDate":"2026-02-10T09:04:33.085Z"}}
[2026-02-10T09:35:55.334Z] Service: Generated slug: undefined
[2026-02-10T09:35:55.335Z] Service: Creating property model instance
[2026-02-10T09:35:55.341Z] Service Error: ValidationError: listingType: Path `listingType` is required., propertyType: Path `propertyType` is required., slug: Path `slug` is required., title: Path `title` is required., location: Path `location` is required., bedrooms: Path `bedrooms` is required., bathrooms: Path `bathrooms` is required., areaSize: Path `areaSize` is required., price: Path `price` is required., description: Path `description` is required., contactNumber: Path `contactNumber` is required.
[2026-02-10T09:35:55.495Z] Controller Error: Property validation failed: listingType: Path `listingType` is required., propertyType: Path `propertyType` is required., slug: Path `slug` is required., title: Path `title` is required., location: Path `location` is required., bedrooms: Path `bedrooms` is required., bathrooms: Path `bathrooms` is required., areaSize: Path `areaSize` is required., price: Path `price` is required., description: Path `description` is required., contactNumber: Path `contactNumber` is required.
Stack: ValidationError: Property validation failed: listingType: Path `listingType` is required., propertyType: Path `propertyType` is required., slug: Path `slug` is required., title: Path `title` is required., location: Path `location` is required., bedrooms: Path `bedrooms` is required., bathrooms: Path `bathrooms` is required., areaSize: Path `areaSize` is required., price: Path `price` is required., description: Path `description` is required., contactNumber: Path `contactNumber` is required.
    at Document.invalidate (D:\rent-ghar\node_modules\mongoose\lib\document.js:3381:32)
    at D:\rent-ghar\node_modules\mongoose\lib\document.js:3142:17
    at D:\rent-ghar\node_modules\mongoose\lib\schemaType.js:1446:9
    at process.processTicksAndRejections (node:internal/process/task_queues:84:11)
[2026-02-10T09:39:02.437Z] Controller: processing create request for user 6986e80543f4ec84c089f5eb
[2026-02-10T09:39:02.439Z] Service: Start create. User: 6986e80543f4ec84c089f5eb, Role: AGENT
[2026-02-10T09:39:02.439Z] Service: Checking subscription for user 6986e80543f4ec84c089f5eb
[2026-02-10T09:39:02.844Z] Service: Subscription check result: {"canCreate":true,"subscription":{"_id":"698af391f8555b4c362969bc","userId":"6986e80543f4ec84c089f5eb","packageId":{"_id":"698ae4100e999e361e769659","name":"Basic","description":"Perfect for individuals listing a few properties","price":0,"duration":30,"propertyLimit":1,"featuredListings":0,"photosPerProperty":5,"isActive":true,"features":["1 property listing","5 photos per property","30 days validity"],"createdAt":"2026-02-10T07:53:52.835Z","updatedAt":"2026-02-10T07:53:52.835Z","__v":0},"status":"active","propertiesUsed":0,"paymentStatus":"completed","createdAt":"2026-02-10T09:00:01.079Z","updatedAt":"2026-02-10T09:35:55.422Z","__v":0,"endDate":"2026-03-12T09:04:33.085Z","startDate":"2026-02-10T09:04:33.085Z"}}
[2026-02-10T09:39:03.093Z] Service: Generated slug: undefined
[2026-02-10T09:39:03.094Z] Service: Creating property model instance
[2026-02-10T09:39:03.106Z] Service Error: ValidationError: listingType: Path `listingType` is required., propertyType: Path `propertyType` is required., slug: Path `slug` is required., title: Path `title` is required., location: Path `location` is required., bedrooms: Path `bedrooms` is required., bathrooms: Path `bathrooms` is required., areaSize: Path `areaSize` is required., price: Path `price` is required., description: Path `description` is required., contactNumber: Path `contactNumber` is required.
[2026-02-10T09:39:03.268Z] Controller Error: Property validation failed: listingType: Path `listingType` is required., propertyType: Path `propertyType` is required., slug: Path `slug` is required., title: Path `title` is required., location: Path `location` is required., bedrooms: Path `bedrooms` is required., bathrooms: Path `bathrooms` is required., areaSize: Path `areaSize` is required., price: Path `price` is required., description: Path `description` is required., contactNumber: Path `contactNumber` is required.
Stack: ValidationError: Property validation failed: listingType: Path `listingType` is required., propertyType: Path `propertyType` is required., slug: Path `slug` is required., title: Path `title` is required., location: Path `location` is required., bedrooms: Path `bedrooms` is required., bathrooms: Path `bathrooms` is required., areaSize: Path `areaSize` is required., price: Path `price` is required., description: Path `description` is required., contactNumber: Path `contactNumber` is required.
    at Document.invalidate (D:\rent-ghar\node_modules\mongoose\lib\document.js:3381:32)
    at D:\rent-ghar\node_modules\mongoose\lib\document.js:3142:17
    at D:\rent-ghar\node_modules\mongoose\lib\schemaType.js:1446:9
    at process.processTicksAndRejections (node:internal/process/task_queues:84:11)
[2026-02-10T09:49:36.542Z] Controller: processing create request for user 6986e80543f4ec84c089f5eb
[2026-02-10T09:49:36.546Z] Service: Start create. User: 6986e80543f4ec84c089f5eb, Role: AGENT
[2026-02-10T09:49:36.547Z] Service: Checking subscription for user 6986e80543f4ec84c089f5eb
[2026-02-10T09:49:36.863Z] Service: Subscription check result: {"canCreate":true,"subscription":{"_id":"698af391f8555b4c362969bc","userId":"6986e80543f4ec84c089f5eb","packageId":{"_id":"698ae4100e999e361e769659","name":"Basic","description":"Perfect for individuals listing a few properties","price":0,"duration":30,"propertyLimit":1,"featuredListings":0,"photosPerProperty":5,"isActive":true,"features":["1 property listing","5 photos per property","30 days validity"],"createdAt":"2026-02-10T07:53:52.835Z","updatedAt":"2026-02-10T07:53:52.835Z","__v":0},"status":"active","propertiesUsed":0,"paymentStatus":"completed","createdAt":"2026-02-10T09:00:01.079Z","updatedAt":"2026-02-10T09:39:03.178Z","__v":0,"endDate":"2026-03-12T09:04:33.085Z","startDate":"2026-02-10T09:04:33.085Z"}}
[2026-02-10T09:49:37.051Z] Service: Generated slug: excepturi-provident-sit-non-qui-dolores-incidunt-reprehenderit-dicta
[2026-02-10T09:49:37.051Z] Service: Creating property model instance
[2026-02-10T09:49:37.126Z] Service: Property saved successfully. ID: 698aff3110e4731586c8cf8c
[2026-02-10T09:49:37.126Z] Controller: property created successfully
[2026-02-10T09:52:50.574Z] Controller: processing create request for user 6986e80543f4ec84c089f5eb
[2026-02-10T09:52:50.575Z] Service: Start create. User: 6986e80543f4ec84c089f5eb, Role: AGENT
[2026-02-10T09:52:50.575Z] Service: Checking subscription for user 6986e80543f4ec84c089f5eb
[2026-02-10T09:52:50.934Z] Service: Subscription check result: {"canCreate":false,"subscription":{"_id":"698af391f8555b4c362969bc","userId":"6986e80543f4ec84c089f5eb","packageId":{"_id":"698ae4100e999e361e769659","name":"Basic","description":"Perfect for individuals listing a few properties","price":0,"duration":30,"propertyLimit":1,"featuredListings":0,"photosPerProperty":5,"isActive":true,"features":["1 property listing","5 photos per property","30 days validity"],"createdAt":"2026-02-10T07:53:52.835Z","updatedAt":"2026-02-10T07:53:52.835Z","__v":0},"status":"active","propertiesUsed":1,"paymentStatus":"completed","createdAt":"2026-02-10T09:00:01.079Z","updatedAt":"2026-02-10T09:49:36.988Z","__v":0,"endDate":"2026-03-12T09:04:33.085Z","startDate":"2026-02-10T09:04:33.085Z"},"message":"Property limit (1) reached for your current package."}
[2026-02-10T09:52:50.936Z] Controller Error: Property limit (1) reached for your current package.
Stack: ForbiddenException: Property limit (1) reached for your current package.
    at PropertyService.create (D:\rent-ghar\apps\api\src\property\property.service.ts:85:19)
    at process.processTicksAndRejections (node:internal/process/task_queues:103:5)
    at async PropertyController.create (D:\rent-ghar\apps\api\src\property\property.controller.ts:92:23)
[2026-02-10T09:58:08.899Z] Controller: processing create request for user 6986e80543f4ec84c089f5eb
[2026-02-10T09:58:08.900Z] Service: Start create. User: 6986e80543f4ec84c089f5eb, Role: AGENT
[2026-02-10T09:58:08.901Z] Service: Checking subscription for user 6986e80543f4ec84c089f5eb
[2026-02-10T09:58:09.296Z] Service: Subscription check result: {"canCreate":true,"subscription":{"_id":"698b00fc57cb9e559ccd052e","userId":"6986e80543f4ec84c089f5eb","packageId":{"_id":"698ae4110e999e361e76965f","name":"Enterprise","description":"For large property management companies","price":19999,"duration":90,"propertyLimit":50,"featuredListings":10,"photosPerProperty":20,"isActive":true,"features":["50 property listings","10 featured listings","20 photos per property","90 days validity","Enterprise badge","Dedicated support","Premium placement","Analytics dashboard"],"createdAt":"2026-02-10T07:53:53.022Z","updatedAt":"2026-02-10T07:53:53.022Z","__v":0},"status":"active","propertiesUsed":1,"paymentStatus":"completed","createdAt":"2026-02-10T09:57:16.930Z","updatedAt":"2026-02-10T09:58:09.110Z","__v":0,"endDate":"2026-05-11T09:57:24.325Z","startDate":"2026-02-10T09:57:24.325Z"}}
[2026-02-10T09:58:09.484Z] Service: Generated slug: quia-corrupti-veritatis-fugiat-id-enim
[2026-02-10T09:58:09.485Z] Service: Creating property model instance
[2026-02-10T09:58:09.554Z] Service: Property saved successfully. ID: 698b013157cb9e559ccd054f
[2026-02-10T09:58:09.554Z] Controller: property created successfully
[2026-02-10T09:58:36.359Z] Controller: processing create request for user 6986e80543f4ec84c089f5eb
[2026-02-10T09:58:36.359Z] Service: Start create. User: 6986e80543f4ec84c089f5eb, Role: AGENT
[2026-02-10T09:58:36.360Z] Service: Checking subscription for user 6986e80543f4ec84c089f5eb
[2026-02-10T09:58:36.668Z] Service: Subscription check result: {"canCreate":true,"subscription":{"_id":"698b00fc57cb9e559ccd052e","userId":"6986e80543f4ec84c089f5eb","packageId":{"_id":"698ae4110e999e361e76965f","name":"Enterprise","description":"For large property management companies","price":19999,"duration":90,"propertyLimit":50,"featuredListings":10,"photosPerProperty":20,"isActive":true,"features":["50 property listings","10 featured listings","20 photos per property","90 days validity","Enterprise badge","Dedicated support","Premium placement","Analytics dashboard"],"createdAt":"2026-02-10T07:53:53.022Z","updatedAt":"2026-02-10T07:53:53.022Z","__v":0},"status":"active","propertiesUsed":2,"paymentStatus":"completed","createdAt":"2026-02-10T09:57:16.930Z","updatedAt":"2026-02-10T09:58:09.420Z","__v":0,"endDate":"2026-05-11T09:57:24.325Z","startDate":"2026-02-10T09:57:24.325Z"}}
[2026-02-10T09:58:36.874Z] Service: Generated slug: repudiandae-doloribus-laboriosam-alias-totam-ad-molestias
[2026-02-10T09:58:36.874Z] Service: Creating property model instance
[2026-02-10T09:58:36.938Z] Service: Property saved successfully. ID: 698b014c57cb9e559ccd0563
[2026-02-10T09:58:36.938Z] Controller: property created successfully
[2026-02-10T09:59:08.103Z] Controller: processing create request for user 6986e80543f4ec84c089f5eb
[2026-02-10T09:59:08.104Z] Service: Start create. User: 6986e80543f4ec84c089f5eb, Role: AGENT
[2026-02-10T09:59:08.104Z] Service: Checking subscription for user 6986e80543f4ec84c089f5eb
[2026-02-10T09:59:08.427Z] Service: Subscription check result: {"canCreate":true,"subscription":{"_id":"698b00fc57cb9e559ccd052e","userId":"6986e80543f4ec84c089f5eb","packageId":{"_id":"698ae4110e999e361e76965f","name":"Enterprise","description":"For large property management companies","price":19999,"duration":90,"propertyLimit":50,"featuredListings":10,"photosPerProperty":20,"isActive":true,"features":["50 property listings","10 featured listings","20 photos per property","90 days validity","Enterprise badge","Dedicated support","Premium placement","Analytics dashboard"],"createdAt":"2026-02-10T07:53:53.022Z","updatedAt":"2026-02-10T07:53:53.022Z","__v":0},"status":"active","propertiesUsed":3,"paymentStatus":"completed","createdAt":"2026-02-10T09:57:16.930Z","updatedAt":"2026-02-10T09:58:36.800Z","__v":0,"endDate":"2026-05-11T09:57:24.325Z","startDate":"2026-02-10T09:57:24.325Z"}}
[2026-02-10T09:59:08.613Z] Service: Generated slug: quia-accusamus-deserunt-asperiores-expedita-provident-nesciunt-alias-architecto-odio
[2026-02-10T09:59:08.614Z] Service: Creating property model instance
[2026-02-10T09:59:08.679Z] Service: Property saved successfully. ID: 698b016c57cb9e559ccd0577
[2026-02-10T09:59:08.679Z] Controller: property created successfully
